026/02678F7A6D08AC6B59561F9516EDCB80/small_icon/snap_t0045_p0036.png
03D/03DEF99706D6EDEC9A91D87CFCCA3B82/small_icon/snap_t0045_p0036.png
042/0426FC71AD452A004E0CB8449C3DC2D6/small_icon/snap_t0045_p0036.png
075/0753183783AA74DB1B8E6078A315D017/small_icon/snap_t0045_p0036.png
084/0845101144D1AA76AABEAC7691415607/small_icon/snap_t0045_p0036.png
091/091AFEA4138DA86077AB3A02175A8B22/small_icon/snap_t0045_p0036.png
0BB/0BBE07D2C2D908A891C6CCF33FEF603A/small_icon/snap_t0045_p0036.png
0BF/0BF4198F565A905988C618C840EFC182/small_icon/snap_t0045_p0036.png
0D3/0D39207AD1D5144CC00C4486C89FF27D/small_icon/snap_t0045_p0036.png
0DC/0DC1E459B733B9A8CC8011B6F364607B/small_icon/snap_t0045_p0036.png
0EE/0EE63E193B08814FD08F3B3C4CFD8DD2/small_icon/snap_t0045_p0036.png
102/10208BF6A6736C467A2B3F1FE716140A/small_icon/snap_t0045_p0036.png
12E/12E24892FEC014C52068A575A51D33BE/small_icon/snap_t0045_p0036.png
143/1431553681EB140A9ADDD532FCF76D86/small_icon/snap_t0045_p0036.png
158/158F17C2D954AAA6FA7BD6A7FAAF92C5/small_icon/snap_t0045_p0036.png
161/161B9938F183CEE8F9289146923F281C/small_icon/snap_t0045_p0036.png
176/176130877F912A6725E492DE2C4286F3/small_icon/snap_t0045_p0036.png
18D/18DD005A3EC95E4803FE37468F9C1FD4/small_icon/snap_t0045_p0036.png
1B6/1B612A17FDBE454658C1A17BB182AEF0/small_icon/snap_t0045_p0036.png
1D7/1D7A9E08FBD6DD8378EE782BB3BC8A9C/small_icon/snap_t0045_p0036.png
20D/20D399A326DA239F44EA05E0C58D3F79/small_icon/snap_t0045_p0036.png
211/211C1742D124056719D0BA24051ADA7D/small_icon/snap_t0045_p0036.png
219/219CDE9A236DDAE962FC0B3030136479/small_icon/snap_t0045_p0036.png
242/242E98240B26D30D9A9B05EF55E9AA93/small_icon/snap_t0045_p0036.png
244/244AF9779907700350D340A3E06B93ED/small_icon/snap_t0045_p0036.png
24A/24A49919F55CB5AC6CAEB0E14B6138A4/small_icon/snap_t0045_p0036.png
24A/24A76F34DF8760BF42C57CFD34F4E32C/small_icon/snap_t0045_p0036.png
258/258854E39C0C84D907C1C7712D8E960C/small_icon/snap_t0045_p0036.png
280/280330BCB0CC95374768FE973722CD72/small_icon/snap_t0045_p0036.png
286/286E36790240F98B62296B66B6B26766/small_icon/snap_t0045_p0036.png
288/288C124B191B8E7A137687630B0A5918/small_icon/snap_t0045_p0036.png
2AC/2ACE007524CC3B0D0985B74F805B102B/small_icon/snap_t0045_p0036.png
2C4/2C47AF2019F66578721F00F868B4BC50/small_icon/snap_t0045_p0036.png
2F1/2F110AE55B9AC77CC59640ED51FBCC50/small_icon/snap_t0045_p0036.png
2F7/2F7439417F09C2E21A80ADF38271EFEA/small_icon/snap_t0045_p0036.png
304/304C09EA2610AC5E9002D6D26E67877D/small_icon/snap_t0045_p0036.png
346/3461F3221CA396F7502C2E1DF00603B2/small_icon/snap_t0045_p0036.png
38F/38FC830B7AD8A5AEA0615BB29A6B6380/small_icon/snap_t0045_p0036.png
3E4/3E4F44ABAC052C4C03417999D2E111E7/small_icon/snap_t0045_p0036.png
3E8/3E889ED19869C2CB065702D45D2670AD/small_icon/snap_t0045_p0036.png
40D/40DB95816701FD87D98F055584630FED/small_icon/snap_t0045_p0036.png
40E/40ECCE0B5B9AEC3AF3808656915379C0/small_icon/snap_t0045_p0036.png
41E/41EC267EBB3266548B85247457628808/small_icon/snap_t0045_p0036.png
428/428E167445077FAFB8009683998736F0/small_icon/snap_t0045_p0036.png
446/446CC36039BDA6D379D5F3EE1741E603/small_icon/snap_t0045_p0036.png
451/451D4B37CA48F1655BA0681ACE2CA4A4/small_icon/snap_t0045_p0036.png
470/470A33E4CAAFD7EEC9C9C04D2377D217/small_icon/snap_t0045_p0036.png
481/481DC57B3B22D745E0B009AF036775D0/small_icon/snap_t0045_p0036.png
497/49739B461AD35480B4651ADA198DBF7B/small_icon/snap_t0045_p0036.png
49B/49B5CF77DE17DA3696668AEE9B832157/small_icon/snap_t0045_p0036.png
4A3/4A3150E75F44ED2E95445F0F90D7DE2D/small_icon/snap_t0045_p0036.png
4AE/4AE6ABAAC9889ABF8B3BC9C0608CBC24/small_icon/snap_t0045_p0036.png
4BA/4BAF69C41FC74A872E9CA13EF67C8DB1/small_icon/snap_t0045_p0036.png
4C3/4C3EB44E20FCF84867EE29FE00A80F8E/small_icon/snap_t0045_p0036.png
4C5/4C567BDF700B8A7F60655824EDF97C00/small_icon/snap_t0045_p0036.png
4D0/4D02C7049D6BF45DFE22F68808F38B7B/small_icon/snap_t0045_p0036.png
4D0/4D05F2DF7483581E010DE1887663BF24/small_icon/snap_t0045_p0036.png
4E7/4E7FAF56C131461214CB5E4D65607FBD/small_icon/snap_t0045_p0036.png
4F2/4F2C3E273F66B92A3676A505E5F97015/small_icon/snap_t0045_p0036.png
4F5/4F5D009A4011EF3517B682B6B0F4142A/small_icon/snap_t0045_p0036.png
4F8/4F883286E8FBE610A623868B3B96B2A2/small_icon/snap_t0045_p0036.png
502/502CD9E46ED2D134AF3F60340735D4A8/small_icon/snap_t0045_p0036.png
513/51367A79301CC656D14B2824B0CE850C/small_icon/snap_t0045_p0036.png
532/532820DEFAEED2DE1577C9925C026530/small_icon/snap_t0045_p0036.png
536/536852AB45ECE0CCCC83AA18F1F436E0/small_icon/snap_t0045_p0036.png
54B/54B97722D70406EF963FEDE378E74532/small_icon/snap_t0045_p0036.png
550/550BA3C1C92A7A7DC125DB735B629229/small_icon/snap_t0045_p0036.png
566/566441A53CE325892DB04EBB52930EE5/small_icon/snap_t0045_p0036.png
576/57672CF44812361DE28C4ECDADF7FAC5/small_icon/snap_t0045_p0036.png
57A/57A48A3853C6183E4655A53CDABA2BB0/small_icon/snap_t0045_p0036.png
57B/57BF67D8F3AFB3B5F968446FDADAD22B/small_icon/snap_t0045_p0036.png
57F/57FA2714F2633F2B2BE2E9936DC27CF7/small_icon/snap_t0045_p0036.png
582/582910CCBE240CA6D4CB6ACB13CECB22/small_icon/snap_t0045_p0036.png
585/585559745F8E5CE9C88B91E37C60BD8F/small_icon/snap_t0045_p0036.png
595/59545DD8EB7137C0FB63329C41E8F6E1/small_icon/snap_t0045_p0036.png
5B3/5B3960CCBF088085ADCC34ABBB25F5A9/small_icon/snap_t0045_p0036.png
5CB/5CBD908D9B7F1ED24C74DD9A07C31C0C/small_icon/snap_t0045_p0036.png
5F3/5F344997605CAD42D7615005E854149B/small_icon/snap_t0045_p0036.png
61B/61BD3772D860F90108D4C3782E23BEA1/small_icon/snap_t0045_p0036.png
62E/62EFC8C0D0054C1B5CF201EBC815ABEF/small_icon/snap_t0045_p0036.png
64B/64B43291627982FDBE0DD7CBB055D5AF/small_icon/snap_t0045_p0036.png
672/6723C8C8BCE3CEF075C6EC89D55C52FB/small_icon/snap_t0045_p0036.png
684/684339537FB6FFA9425DEBC3D07EAA12/small_icon/snap_t0045_p0036.png
68B/68B410BCE4C4D56845716BDE6745DCF4/small_icon/snap_t0045_p0036.png
69C/69C552B6363EA24F018C49916F812997/small_icon/snap_t0045_p0036.png
6A2/6A25CD77D16769D16610A08F6338E854/small_icon/snap_t0045_p0036.png
6A4/6A437DB32411E22DB70984E8D05402B0/small_icon/snap_t0045_p0036.png
6B9/6B9EAD142D95453A0BFE2D5406E7EFAA/small_icon/snap_t0045_p0036.png
6BD/6BD2D89E49AD68E857417CE2AF8ADB25/small_icon/snap_t0045_p0036.png
6F9/6F918E52500A6829F71C86303752D5BB/small_icon/snap_t0045_p0036.png
712/712F50FCCE347CCDE484E00609C6ABE8/small_icon/snap_t0045_p0036.png
718/718716DA7FF59D888F69511737EE241C/small_icon/snap_t0045_p0036.png
733/733BC2DD1E39A62C0DFDE49B99AD1117/small_icon/snap_t0045_p0036.png
745/745700512647A2BB29EF528443F59C2D/small_icon/snap_t0045_p0036.png
777/7775A8223EFA9C97CE8B91E49DFD3FB6/small_icon/snap_t0045_p0036.png
792/7926CCEB479DF6AA7FEFFAF3BFCF3AEC/small_icon/snap_t0045_p0036.png
7A9/7A94D15DDEDFEED573ED5C42AE96354F/small_icon/snap_t0045_p0036.png
7C1/7C1097C521BBAF7BD8F6D702A40A25CB/small_icon/snap_t0045_p0036.png
7CB/7CB2AAFF6CCDB7AD12C85E298745460F/small_icon/snap_t0045_p0036.png
7E7/7E7453DD6C60F5E662634DB88C407783/small_icon/snap_t0045_p0036.png
80A/80AA9E3ADFF7ECA6E677E0E6B9452C23/small_icon/snap_t0045_p0036.png
838/838AFCC98639C6608F5DE074E10E5257/small_icon/snap_t0045_p0036.png
841/841AC12B148EBEA7EA5DC8A25D30D0BF/small_icon/snap_t0045_p0036.png
87C/87C674CE7DFBDCD93CE2D2F0DD64105A/small_icon/snap_t0045_p0036.png
882/882ED26F99473CC2897515BDC09FEE43/small_icon/snap_t0045_p0036.png
8AC/8ACF0E802066C49EE8351B72F5B9E2CA/small_icon/snap_t0045_p0036.png
8B5/8B5486BF1AB0D9DE886D9E20BF46CEBC/small_icon/snap_t0045_p0036.png
924/924E4A88A131768DBC7A3D46F2CA02D9/small_icon/snap_t0045_p0036.png
925/925994665A3311C3FDC40443D35C4A14/small_icon/snap_t0045_p0036.png
927/927497AB3BB29F9347C2F16A8289B1C2/small_icon/snap_t0045_p0036.png
929/9299B4D657F32EECAD94700B762F3C44/small_icon/snap_t0045_p0036.png
961/961692C173066DD21F85E5D5645AFA6C/small_icon/snap_t0045_p0036.png
96A/96AE6D2A5AD39DA12DF3B66866D668D2/small_icon/snap_t0045_p0036.png
9B9/9B9B714A96942085BF5EACE8C26B2426/small_icon/snap_t0045_p0036.png
9CD/9CDF0E961C60BB839E0D8EBC3D3F5FB5/small_icon/snap_t0045_p0036.png
9CF/9CF2972A309CF5EEB38968953E5247A2/small_icon/snap_t0045_p0036.png
9DB/9DB56780D090C0638AA2D22863D61D5B/small_icon/snap_t0045_p0036.png
A14/A14634385FB1CE2B2CE5C1DC59BA7D21/small_icon/snap_t0045_p0036.png
A17/A17042A068DA8D510F566F19DAE9695F/small_icon/snap_t0045_p0036.png
A21/A2159F6C307269DF940627648D517686/small_icon/snap_t0045_p0036.png
A37/A371DE9C7AEB179C6C4FAE8DE1950242/small_icon/snap_t0045_p0036.png
A70/A706F10405F35E807B9F9FEED740E876/small_icon/snap_t0045_p0036.png
A8B/A8BEADC7DA3423DF819DC579C4289B9A/small_icon/snap_t0045_p0036.png
AB3/AB3BF37E45D61BE4123BCEE0B1A12F44/small_icon/snap_t0045_p0036.png
AB7/AB71C52B034E18C3762D182BB701521B/small_icon/snap_t0045_p0036.png
B43/B4373E45DC46100709361A5DAC8F71E3/small_icon/snap_t0045_p0036.png
B69/B69A6C73DAEC94D53A2C2574DE0C0C12/small_icon/snap_t0045_p0036.png
B87/B876611E35E1539D9909AEEC5C798547/small_icon/snap_t0045_p0036.png
B98/B98DE5A4CA1EFC4C6D07A3CDAA0019B0/small_icon/snap_t0045_p0036.png
BB8/BB809DC71614D6F3EA9DA992597205C2/small_icon/snap_t0045_p0036.png
BCB/BCB55B6299BF01BF89A2EB953C9AA79C/small_icon/snap_t0045_p0036.png
BFA/BFA110F08702A7EEA502254547B9ED27/small_icon/snap_t0045_p0036.png
BFB/BFB00CFA31228186E587742F64414D1F/small_icon/snap_t0045_p0036.png
C1D/C1D1CF52F152789701F10246CA5564D4/small_icon/snap_t0045_p0036.png
C41/C4178A5641468FBE129021311D816689/small_icon/snap_t0045_p0036.png
C49/C4992BACCB252E0C64D6EA172F753977/small_icon/snap_t0045_p0036.png
C5E/C5E975B701D36D1F085C8A2D1B2B9FA5/small_icon/snap_t0045_p0036.png
C75/C7587C5FE2E4544F8610C23E9D823BE4/small_icon/snap_t0045_p0036.png
C87/C87E24A6FD2E48B792C7F142B5F603C7/small_icon/snap_t0045_p0036.png
C9C/C9CDBE4CCCA02F7E52550EA489913287/small_icon/snap_t0045_p0036.png
CD1/CD10BD810FE9C114A241AC68A703346E/small_icon/snap_t0045_p0036.png
CDF/CDF5D7F44A7FBDC33D6BBF1C6E58AF0B/small_icon/snap_t0045_p0036.png
D10/D10A4A9256BC115DA0D6E0DBCBCAE4F8/small_icon/snap_t0045_p0036.png
D16/D16505C76C253BCD8C3EDE29DF49EB17/small_icon/snap_t0045_p0036.png
D22/D22C0E25897EAAF58D712C2C583F213A/small_icon/snap_t0045_p0036.png
D46/D4626F67E5C19A45A4104A2447D58425/small_icon/snap_t0045_p0036.png
D4B/D4B1D16FB8DCF5494485A283197A8393/small_icon/snap_t0045_p0036.png
D5A/D5A0DEE415605D30ECFAA9F49658AC63/small_icon/snap_t0045_p0036.png
D61/D6133B54C9F4D15459427B9F7A42AA38/small_icon/snap_t0045_p0036.png
D79/D7988550F11A2E97A4CF44682AD9EEEF/small_icon/snap_t0045_p0036.png
D9E/D9E49D650D09FEC2897F10EC35D00316/small_icon/snap_t0045_p0036.png
DD8/DD849961792D8B7865F89E8FC986D4C0/small_icon/snap_t0045_p0036.png
E0A/E0A0170182DD4A7D9271809550DD3AA4/small_icon/snap_t0045_p0036.png
E78/E788469FAD1920DCC7A739CDEF0C4DF6/small_icon/snap_t0045_p0036.png
ED2/ED2EE802CE7DA9E989F615C822DC106D/small_icon/snap_t0045_p0036.png
F06/F065952436524E55DA88D9E2B4F95DC4/small_icon/snap_t0045_p0036.png
F10/F10EDDB405A5DA49EC71B1E0EF809255/small_icon/snap_t0045_p0036.png
F1F/F1F74D0C050C33D28FF1D0D52BBFC1B3/small_icon/snap_t0045_p0036.png
F2F/F2FB0087DFB04A49443EEA5B77758D9A/small_icon/snap_t0045_p0036.png
F55/F559ECA19B72A0BEAFB9E86225AE7A56/small_icon/snap_t0045_p0036.png
FAC/FACA4EC545BB809E02B4108FB9B92113/small_icon/snap_t0045_p0036.png
FD2/FD2A4390985C9B598E00C951458FAB46/small_icon/snap_t0045_p0036.png
FE6/FE6B619167AAB1CAABA3C0EB1E926CC5/small_icon/snap_t0045_p0036.png
FE8/FE885DD43105E05C4BA9C12942DC8424/small_icon/snap_t0045_p0036.png
FEE/FEECE4B2E78A4A9297A42634D162EA25/small_icon/snap_t0045_p0036.png
FFB/FFBA6DBC4968D18A06E2B0AB1624979C/small_icon/snap_t0045_p0036.png
